<?xml version="1.0" encoding="UTF-8"?>
<!-- Generated by org.testng.reporters.JUnitReportReporter -->
<testsuite hostname="DESKTOP-N0FVVS1" failures="0" tests="1" name="testpcg1.Test1" time="7.081" errors="0" timestamp="2023-06-30T22:49:17 IST" skipped="0">
  <testcase classname="testpcg1.Test1" name="f" time="7.081"/>
</testsuite> <!-- testpcg1.Test1 -->
